<?xml version="1.0" encoding="UTF-8" ?>
<testsuite failures="0" time="2.361" errors="2" skipped="0" tests="2" name="com.dbc.test.RunAllIntegrationTests">
  <properties>
[...]
</properties>
  <testcase time="1.156" classname="com.dbc.test.TradeServiceIntegrationTest" name="testCreateTradeFromRestService">
    <error message="I/O error: Connection refused: connect; nested exception is java.net.ConnectException: Connection refused: connect" type="org.springframework.web.client.ResourceAccessException">org.springframework.web.client.ResourceAccessException: I/O error: Connection refused: connect; nested exception is java.net.ConnectException: Connection refused: connect
	at org.springframework.web.client.RestTemplate.doExecute(RestTemplate.java:453)
	at org.springframework.web.client.RestTemplate.execute(RestTemplate.java:401)
	at org.springframework.web.client.RestTemplate.getForObject(RestTemplate.java:199)
	at com.dbc.test.TradeServiceIntegrationTest.createTrade(TradeServiceIntegrationTest.java:48)
	at com.dbc.test.TradeServiceIntegrationTest.testCreateTradeFromRestService(TradeServiceIntegrationTest.java:21)
	at sun.reflect.NativeMethodAccessorImpl.invoke0(Native Method)
	at sun.reflect.NativeMethodAccessorImpl.invoke(NativeMethodAccessorImpl.java:39)
	at sun.reflect.DelegatingMethodAccessorImpl.invoke(DelegatingMethodAccessorImpl.java:25)
	at java.lang.reflect.Method.invoke(Method.java:597)
	at org.junit.runners.model.FrameworkMethod$1.runReflectiveCall(FrameworkMethod.java:45)
	at org.junit.internal.runners.model.ReflectiveCallable.run(ReflectiveCallable.java:15)
	at org.junit.runners.model.FrameworkMethod.invokeExplosively(FrameworkMethod.java:42)
	at org.junit.internal.runners.statements.InvokeMethod.evaluate(InvokeMethod.java:20)
	at org.junit.runners.ParentRunner.runLeaf(ParentRunner.java:263)
	at org.junit.runners.BlockJUnit4ClassRunner.runChild(BlockJUnit4ClassRunner.java:68)
	at org.junit.runners.BlockJUnit4ClassRunner.runChild(BlockJUnit4ClassRunner.java:47)
	at org.junit.runners.ParentRunner$3.run(ParentRunner.java:231)
	at org.junit.runners.ParentRunner$1.schedule(ParentRunner.java:60)
	at org.junit.runners.ParentRunner.runChildren(ParentRunner.java:229)
	at org.junit.runners.ParentRunner.access$000(ParentRunner.java:50)
	at org.junit.runners.ParentRunner$2.evaluate(ParentRunner.java:222)
	at org.junit.runners.ParentRunner.run(ParentRunner.java:300)
	at org.junit.runners.Suite.runChild(Suite.java:128)
	at org.junit.runners.Suite.runChild(Suite.java:24)
	at org.junit.runners.ParentRunner$3.run(ParentRunner.java:231)
	at org.junit.runners.ParentRunner$1.schedule(ParentRunner.java:60)
	at org.junit.runners.ParentRunner.runChildren(ParentRunner.java:229)
	at org.junit.runners.ParentRunner.access$000(ParentRunner.java:50)
	at org.junit.runners.ParentRunner$2.evaluate(ParentRunner.java:222)
	at org.junit.runners.ParentRunner.run(ParentRunner.java:300)
	at org.apache.maven.surefire.junit4.JUnit4TestSet.execute(JUnit4TestSet.java:53)
	at org.apache.maven.surefire.junit4.JUnit4Provider.executeTestSet(JUnit4Provider.java:123)
	at org.apache.maven.surefire.junit4.JUnit4Provider.invoke(JUnit4Provider.java:104)
	at sun.reflect.NativeMethodAccessorImpl.invoke0(Native Method)
	at sun.reflect.NativeMethodAccessorImpl.invoke(NativeMethodAccessorImpl.java:39)
	at sun.reflect.DelegatingMethodAccessorImpl.invoke(DelegatingMethodAccessorImpl.java:25)
	at java.lang.reflect.Method.invoke(Method.java:597)
	at org.apache.maven.surefire.util.ReflectionUtils.invokeMethodWithArray(ReflectionUtils.java:164)
	at org.apache.maven.surefire.booter.ProviderFactory$ProviderProxy.invoke(ProviderFactory.java:110)
	at org.apache.maven.surefire.booter.SurefireStarter.invokeProvider(SurefireStarter.java:172)
	at org.apache.maven.surefire.booter.SurefireStarter.runSuitesInProcessWhenForked(SurefireStarter.java:104)
	at org.apache.maven.surefire.booter.ForkedBooter.main(ForkedBooter.java:70)
Caused by: java.net.ConnectException: Connection refused: connect
	at java.net.PlainSocketImpl.socketConnect(Native Method)
	at java.net.PlainSocketImpl.doConnect(PlainSocketImpl.java:351)
	at java.net.PlainSocketImpl.connectToAddress(PlainSocketImpl.java:213)
	at java.net.PlainSocketImpl.connect(PlainSocketImpl.java:200)
	at java.net.SocksSocketImpl.connect(SocksSocketImpl.java:366)
	at java.net.Socket.connect(Socket.java:529)
	at java.net.Socket.connect(Socket.java:478)
	at sun.net.NetworkClient.doConnect(NetworkClient.java:163)
	at sun.net.www.http.HttpClient.openServer(HttpClient.java:394)
	at sun.net.www.http.HttpClient.openServer(HttpClient.java:529)
	at sun.net.www.http.HttpClient.&lt;init&gt;(HttpClient.java:233)
	at sun.net.www.http.HttpClient.New(HttpClient.java:306)
	at sun.net.www.http.HttpClient.New(HttpClient.java:323)
	at sun.net.www.protocol.http.HttpURLConnection.getNewHttpClient(HttpURLConnection.java:970)
	at sun.net.www.protocol.http.HttpURLConnection.plainConnect(HttpURLConnection.java:911)
	at sun.net.www.protocol.http.HttpURLConnection.connect(HttpURLConnection.java:836)
	at org.springframework.http.client.SimpleClientHttpRequest.executeInternal(SimpleClientHttpRequest.java:69)
	at org.springframework.http.client.AbstractClientHttpRequest.execute(AbstractClientHttpRequest.java:52)
	at org.springframework.web.client.RestTemplate.doExecute(RestTemplate.java:438)
	... 41 more
</error>
    <system-out>16:03:43,037 DEBUG - Found Directory [C:\study\articles\designbycontract\examples\maven\spring-rest-annotations\target\test-classes\com\dbc\example]
16:03:43,037 DEBUG - Found Directory [C:\study\articles\designbycontract\examples\maven\spring-rest-annotations\target\test-classes\com\dbc\example\tutorial]
16:03:43,037 DEBUG - Found File [class com.dbc.example.tutorial.TradeServiceUnitTest]
16:03:43,037 DEBUG - Found File [class com.dbc.example.tutorial.TradeServiceUnitTest2]
16:03:43,037 DEBUG - Found Directory [C:\study\articles\designbycontract\examples\maven\spring-rest-annotations\target\test-classes\com\dbc\test]
16:03:43,037 DEBUG - Found File [class com.dbc.test.ClasspathClassesFinderTest]
16:03:43,037 DEBUG - Found File [class com.dbc.test.RunAllIntegrationTests]
16:03:43,037 DEBUG - Found File [class com.dbc.test.RunAllUnitTests]
16:03:43,037 DEBUG - Found File [class com.dbc.test.TradeServiceIntegrationTest]
16:03:43,037 DEBUG - Found Directory [C:\study\articles\designbycontract\examples\maven\spring-rest-annotations\target\classes\com\dbc\model]
16:03:43,037 DEBUG - Found File [class com.dbc.model.Trade]
16:03:43,037 DEBUG - Found Directory [C:\study\articles\designbycontract\examples\maven\spring-rest-annotations\target\classes\com\dbc\repository]
16:03:43,053 DEBUG - Found File [class com.dbc.repository.HibernateTradeRepository]
16:03:43,053 DEBUG - Found File [interface com.dbc.repository.TradeRepository]
16:03:43,053 DEBUG - Found Directory [C:\study\articles\designbycontract\examples\maven\spring-rest-annotations\target\classes\com\dbc\service]
16:03:43,053 DEBUG - Found File [class com.dbc.service.SimpleTradeService]
16:03:43,053 DEBUG - Found File [interface com.dbc.service.TradeService]
16:03:43,053 DEBUG - Found Directory [C:\study\articles\designbycontract\examples\maven\spring-rest-annotations\target\classes\com\dbc\test]
16:03:43,053 DEBUG - Found File [class com.dbc.test.ClasspathClassesFinder]
16:03:43,053 DEBUG - Found File [interface com.dbc.test.IntegrationTest]
16:03:43,053 DEBUG - Found File [class com.dbc.test.IntegrationTestSuite]
16:03:43,053 DEBUG - Found File [interface com.dbc.test.UnitTest]
16:03:43,053 DEBUG - Found File [class com.dbc.test.UnitTestSuite]
16:03:43,053 DEBUG - Found Directory [C:\study\articles\designbycontract\examples\maven\spring-rest-annotations\target\classes\com\dbc\web]
16:03:43,053 DEBUG - Found File [class com.dbc.web.TradeController]
16:03:43,053 DEBUG - Found File [class com.dbc.example.tutorial.TradeServiceUnitTest]
16:03:43,053 DEBUG - Annotation [interface org.junit.runner.RunWith]
16:03:43,053 DEBUG - Annotation [interface org.junit.runner.RunWith]
16:03:43,053 DEBUG - Found File [class com.dbc.example.tutorial.TradeServiceUnitTest2]
16:03:43,069 DEBUG - Annotation [interface org.junit.runner.RunWith]
16:03:43,069 DEBUG - Annotation [interface org.junit.runner.RunWith]
16:03:43,069 DEBUG - Found File [class com.dbc.test.ClasspathClassesFinderTest]
16:03:43,069 DEBUG - Found File [class com.dbc.test.RunAllIntegrationTests]
16:03:43,069 DEBUG - Annotation [interface org.junit.runner.RunWith]
16:03:43,069 DEBUG - Annotation [interface org.junit.runner.RunWith]
16:03:43,069 DEBUG - Found File [class com.dbc.test.RunAllUnitTests]
16:03:43,069 DEBUG - Annotation [interface org.junit.runner.RunWith]
16:03:43,069 DEBUG - Annotation [interface org.junit.runner.RunWith]
16:03:43,069 DEBUG - Found File [class com.dbc.test.TradeServiceIntegrationTest]
16:03:43,069 DEBUG - Annotation [interface org.junit.experimental.categories.Category]
16:03:43,069 DEBUG - Annotation [interface com.dbc.test.UnitTest]
16:03:43,069 DEBUG - Annotation [interface org.junit.experimental.categories.Category]
16:03:43,069 DEBUG - Annotation [interface com.dbc.test.UnitTest]
16:03:43,069 DEBUG - Adding Class [class com.dbc.test.TradeServiceIntegrationTest]
16:03:43,069 DEBUG - Found File [class com.dbc.model.Trade]
16:03:43,069 DEBUG - Annotation [interface javax.persistence.Entity]
16:03:43,069 DEBUG - Annotation [interface com.thoughtworks.xstream.annotations.XStreamAlias]
16:03:43,069 DEBUG - Annotation [interface com.thoughtworks.xstream.annotations.XStreamAlias]
16:03:43,069 DEBUG - Annotation [interface javax.persistence.Entity]
16:03:43,069 DEBUG - Found File [class com.dbc.repository.HibernateTradeRepository]
16:03:43,069 DEBUG - Found File [interface com.dbc.repository.TradeRepository]
16:03:43,069 DEBUG - Found File [class com.dbc.service.SimpleTradeService]
16:03:43,084 DEBUG - Annotation [interface org.springframework.stereotype.Service]
16:03:43,084 DEBUG - Annotation [interface org.springframework.stereotype.Service]
16:03:43,084 DEBUG - Found File [interface com.dbc.service.TradeService]
16:03:43,084 DEBUG - Found File [class com.dbc.test.ClasspathClassesFinder]
16:03:43,084 DEBUG - Found File [interface com.dbc.test.IntegrationTest]
16:03:43,084 DEBUG - Found File [class com.dbc.test.IntegrationTestSuite]
16:03:43,084 DEBUG - Found File [interface com.dbc.test.UnitTest]
16:03:43,084 DEBUG - Annotation [interface java.lang.annotation.Retention]
16:03:43,084 DEBUG - Annotation [interface java.lang.annotation.Retention]
16:03:43,084 DEBUG - Found File [class com.dbc.test.UnitTestSuite]
16:03:43,084 DEBUG - Found File [class com.dbc.web.TradeController]
16:03:43,084 DEBUG - Annotation [interface org.springframework.stereotype.Controller]
16:03:43,084 DEBUG - Annotation [interface org.springframework.stereotype.Controller]
</system-out>
  </testcase>
  <testcase time="1.001" classname="com.dbc.test.TradeServiceIntegrationTest" name="testGetTradeFromRestService">
    <error message="I/O error: Connection refused: connect; nested exception is java.net.ConnectException: Connection refused: connect" type="org.springframework.web.client.ResourceAccessException">org.springframework.web.client.ResourceAccessException: I/O error: Connection refused: connect; nested exception is java.net.ConnectException: Connection refused: connect
	at org.springframework.web.client.RestTemplate.doExecute(RestTemplate.java:453)
	at org.springframework.web.client.RestTemplate.execute(RestTemplate.java:401)
	at org.springframework.web.client.RestTemplate.getForObject(RestTemplate.java:199)
	at com.dbc.test.TradeServiceIntegrationTest.createTrade(TradeServiceIntegrationTest.java:48)
	at com.dbc.test.TradeServiceIntegrationTest.testGetTradeFromRestService(TradeServiceIntegrationTest.java:29)
	at sun.reflect.NativeMethodAccessorImpl.invoke0(Native Method)
	at sun.reflect.NativeMethodAccessorImpl.invoke(NativeMethodAccessorImpl.java:39)
	at sun.reflect.DelegatingMethodAccessorImpl.invoke(DelegatingMethodAccessorImpl.java:25)
	at java.lang.reflect.Method.invoke(Method.java:597)
	at org.junit.runners.model.FrameworkMethod$1.runReflectiveCall(FrameworkMethod.java:45)
	at org.junit.internal.runners.model.ReflectiveCallable.run(ReflectiveCallable.java:15)
	at org.junit.runners.model.FrameworkMethod.invokeExplosively(FrameworkMethod.java:42)
	at org.junit.internal.runners.statements.InvokeMethod.evaluate(InvokeMethod.java:20)
	at org.junit.runners.ParentRunner.runLeaf(ParentRunner.java:263)
	at org.junit.runners.BlockJUnit4ClassRunner.runChild(BlockJUnit4ClassRunner.java:68)
	at org.junit.runners.BlockJUnit4ClassRunner.runChild(BlockJUnit4ClassRunner.java:47)
	at org.junit.runners.ParentRunner$3.run(ParentRunner.java:231)
	at org.junit.runners.ParentRunner$1.schedule(ParentRunner.java:60)
	at org.junit.runners.ParentRunner.runChildren(ParentRunner.java:229)
	at org.junit.runners.ParentRunner.access$000(ParentRunner.java:50)
	at org.junit.runners.ParentRunner$2.evaluate(ParentRunner.java:222)
	at org.junit.runners.ParentRunner.run(ParentRunner.java:300)
	at org.junit.runners.Suite.runChild(Suite.java:128)
	at org.junit.runners.Suite.runChild(Suite.java:24)
	at org.junit.runners.ParentRunner$3.run(ParentRunner.java:231)
	at org.junit.runners.ParentRunner$1.schedule(ParentRunner.java:60)
	at org.junit.runners.ParentRunner.runChildren(ParentRunner.java:229)
	at org.junit.runners.ParentRunner.access$000(ParentRunner.java:50)
	at org.junit.runners.ParentRunner$2.evaluate(ParentRunner.java:222)
	at org.junit.runners.ParentRunner.run(ParentRunner.java:300)
	at org.apache.maven.surefire.junit4.JUnit4TestSet.execute(JUnit4TestSet.java:53)
	at org.apache.maven.surefire.junit4.JUnit4Provider.executeTestSet(JUnit4Provider.java:123)
	at org.apache.maven.surefire.junit4.JUnit4Provider.invoke(JUnit4Provider.java:104)
	at sun.reflect.NativeMethodAccessorImpl.invoke0(Native Method)
	at sun.reflect.NativeMethodAccessorImpl.invoke(NativeMethodAccessorImpl.java:39)
	at sun.reflect.DelegatingMethodAccessorImpl.invoke(DelegatingMethodAccessorImpl.java:25)
	at java.lang.reflect.Method.invoke(Method.java:597)
	at org.apache.maven.surefire.util.ReflectionUtils.invokeMethodWithArray(ReflectionUtils.java:164)
	at org.apache.maven.surefire.booter.ProviderFactory$ProviderProxy.invoke(ProviderFactory.java:110)
	at org.apache.maven.surefire.booter.SurefireStarter.invokeProvider(SurefireStarter.java:172)
	at org.apache.maven.surefire.booter.SurefireStarter.runSuitesInProcessWhenForked(SurefireStarter.java:104)
	at org.apache.maven.surefire.booter.ForkedBooter.main(ForkedBooter.java:70)
Caused by: java.net.ConnectException: Connection refused: connect
	at java.net.PlainSocketImpl.socketConnect(Native Method)
	at java.net.PlainSocketImpl.doConnect(PlainSocketImpl.java:351)
	at java.net.PlainSocketImpl.connectToAddress(PlainSocketImpl.java:213)
	at java.net.PlainSocketImpl.connect(PlainSocketImpl.java:200)
	at java.net.SocksSocketImpl.connect(SocksSocketImpl.java:366)
	at java.net.Socket.connect(Socket.java:529)
	at java.net.Socket.connect(Socket.java:478)
	at sun.net.NetworkClient.doConnect(NetworkClient.java:163)
	at sun.net.www.http.HttpClient.openServer(HttpClient.java:394)
	at sun.net.www.http.HttpClient.openServer(HttpClient.java:529)
	at sun.net.www.http.HttpClient.&lt;init&gt;(HttpClient.java:233)
	at sun.net.www.http.HttpClient.New(HttpClient.java:306)
	at sun.net.www.http.HttpClient.New(HttpClient.java:323)
	at sun.net.www.protocol.http.HttpURLConnection.getNewHttpClient(HttpURLConnection.java:970)
	at sun.net.www.protocol.http.HttpURLConnection.plainConnect(HttpURLConnection.java:911)
	at sun.net.www.protocol.http.HttpURLConnection.connect(HttpURLConnection.java:836)
	at org.springframework.http.client.SimpleClientHttpRequest.executeInternal(SimpleClientHttpRequest.java:69)
	at org.springframework.http.client.AbstractClientHttpRequest.execute(AbstractClientHttpRequest.java:52)
	at org.springframework.web.client.RestTemplate.doExecute(RestTemplate.java:438)
	... 41 more
</error>
  </testcase>
</testsuite>