<?xml version="1.0" encoding="UTF-8" ?>
<testsuite failures="0" time="0.5" errors="0" skipped="0" tests="3" name="com.dbc.test.RunAllUnitTests">
  <properties>
[...]
</properties>
  <testcase time="0.016" classname="com.dbc.example.tutorial.TradeServiceUnitTest" name="testSimpleTradeServiceGetTradeByReference"/>
  <testcase time="0" classname="com.dbc.example.tutorial.TradeServiceUnitTest2" name="testSimpleTradeServiceGetTradeByReference"/>
  <testcase time="0.031" classname="com.dbc.test.ClasspathClassesFinderTest" name="testName"/>
</testsuite>